0 info it worked if it ends with ok
1 verbose cli [ '/usr/bin/nodejs', '/usr/bin/npm', 'run', 'build' ]
2 info using npm@3.10.10
3 info using node@v6.10.0
4 verbose run-script [ 'prebuild', 'build', 'postbuild' ]
5 info lifecycle pierrejacquier.com@0.1.0~prebuild: pierrejacquier.com@0.1.0
6 silly lifecycle pierrejacquier.com@0.1.0~prebuild: no script for prebuild, continuing
7 info lifecycle pierrejacquier.com@0.1.0~build: pierrejacquier.com@0.1.0
8 verbose lifecycle pierrejacquier.com@0.1.0~build: unsafe-perm in lifecycle true
9 verbose lifecycle pierrejacquier.com@0.1.0~build: PATH: /usr/lib/node_modules/npm/bin/node-gyp-bin:/home/pierremtb/Dev/pierremtb.github.io/node_modules/.bin:/usr/local/sbin:/usr/local/bin:/usr/sbin:/usr/bin:/sbin:/bin:/usr/games:/usr/local/games
10 verbose lifecycle pierrejacquier.com@0.1.0~build: CWD: /home/pierremtb/Dev/pierremtb.github.io
11 silly lifecycle pierrejacquier.com@0.1.0~build: Args: [ '-c', 'grunt' ]
12 silly lifecycle pierrejacquier.com@0.1.0~build: Returned: code: 6  signal: null
13 info lifecycle pierrejacquier.com@0.1.0~build: Failed to exec build script
14 verbose stack Error: pierrejacquier.com@0.1.0 build: `grunt`
14 verbose stack Exit status 6
14 verbose stack     at EventEmitter.<anonymous> (/usr/lib/node_modules/npm/lib/utils/lifecycle.js:255:16)
14 verbose stack     at emitTwo (events.js:106:13)
14 verbose stack     at EventEmitter.emit (events.js:191:7)
14 verbose stack     at ChildProcess.<anonymous> (/usr/lib/node_modules/npm/lib/utils/spawn.js:40:14)
14 verbose stack     at emitTwo (events.js:106:13)
14 verbose stack     at ChildProcess.emit (events.js:191:7)
14 verbose stack     at maybeClose (internal/child_process.js:877:16)
14 verbose stack     at Process.ChildProcess._handle.onexit (internal/child_process.js:226:5)
15 verbose pkgid pierrejacquier.com@0.1.0
16 verbose cwd /home/pierremtb/Dev/pierremtb.github.io
17 error Linux 4.9.4-galliumos-braswell
18 error argv "/usr/bin/nodejs" "/usr/bin/npm" "run" "build"
19 error node v6.10.0
20 error npm  v3.10.10
21 error code ELIFECYCLE
22 error pierrejacquier.com@0.1.0 build: `grunt`
22 error Exit status 6
23 error Failed at the pierrejacquier.com@0.1.0 build script 'grunt'.
23 error Make sure you have the latest version of node.js and npm installed.
23 error If you do, this is most likely a problem with the pierrejacquier.com package,
23 error not with npm itself.
23 error Tell the author that this fails on your system:
23 error     grunt
23 error You can get information on how to open an issue for this project with:
23 error     npm bugs pierrejacquier.com
23 error Or if that isn't available, you can get their info via:
23 error     npm owner ls pierrejacquier.com
23 error There is likely additional logging output above.
24 verbose exit [ 1, true ]
